<?xml version="1.0" encoding="UTF-8"?>
<robot generator="Robot 6.1.1 (Python 3.12.0 on win32)" generated="20240429 13:17:44.582" rpa="false" schemaversion="4">
<suite id="s1" name="Tests" source="C:\Kurssit\ohtu\teht\osa3\login-robot\src\tests">
<suite id="s1-s1" name="Login" source="C:\Kurssit\ohtu\teht\osa3\login-robot\src\tests\login.robot">
<test id="s1-s1-t1" name="Login With Correct Credentials" line="6">
<kw name="Create User And Input Login Command" type="SETUP">
<kw name="Create User" library="AppLibrary">
<arg>kalle</arg>
<arg>kalle123</arg>
<status status="PASS" starttime="20240429 13:17:44.597" endtime="20240429 13:17:44.598"/>
</kw>
<kw name="Input Login Command" library="resource">
<kw name="Input" library="AppLibrary">
<arg>login</arg>
<status status="PASS" starttime="20240429 13:17:44.598" endtime="20240429 13:17:44.598"/>
</kw>
<status status="PASS" starttime="20240429 13:17:44.598" endtime="20240429 13:17:44.598"/>
</kw>
<status status="PASS" starttime="20240429 13:17:44.597" endtime="20240429 13:17:44.598"/>
</kw>
<kw name="Input Credentials" library="resource">
<arg>kalle</arg>
<arg>kalle123</arg>
<kw name="Input" library="AppLibrary">
<arg>${username}</arg>
<status status="PASS" starttime="20240429 13:17:44.598" endtime="20240429 13:17:44.598"/>
</kw>
<kw name="Input" library="AppLibrary">
<arg>${password}</arg>
<status status="PASS" starttime="20240429 13:17:44.598" endtime="20240429 13:17:44.598"/>
</kw>
<kw name="Run Application" library="AppLibrary">
<status status="PASS" starttime="20240429 13:17:44.598" endtime="20240429 13:17:44.598"/>
</kw>
<status status="PASS" starttime="20240429 13:17:44.598" endtime="20240429 13:17:44.598"/>
</kw>
<kw name="Output Should Contain" library="AppLibrary">
<arg>Logged in</arg>
<status status="PASS" starttime="20240429 13:17:44.598" endtime="20240429 13:17:44.598"/>
</kw>
<status status="PASS" starttime="20240429 13:17:44.597" endtime="20240429 13:17:44.598"/>
</test>
<test id="s1-s1-t2" name="Login With Incorrect Password" line="10">
<kw name="Create User And Input Login Command" type="SETUP">
<kw name="Create User" library="AppLibrary">
<arg>kalle</arg>
<arg>kalle123</arg>
<status status="PASS" starttime="20240429 13:17:44.598" endtime="20240429 13:17:44.598"/>
</kw>
<kw name="Input Login Command" library="resource">
<kw name="Input" library="AppLibrary">
<arg>login</arg>
<status status="PASS" starttime="20240429 13:17:44.598" endtime="20240429 13:17:44.598"/>
</kw>
<status status="PASS" starttime="20240429 13:17:44.598" endtime="20240429 13:17:44.598"/>
</kw>
<status status="PASS" starttime="20240429 13:17:44.598" endtime="20240429 13:17:44.598"/>
</kw>
<kw name="Input Credentials" library="resource">
<arg>kalle</arg>
<arg>kalle12</arg>
<kw name="Input" library="AppLibrary">
<arg>${username}</arg>
<status status="PASS" starttime="20240429 13:17:44.598" endtime="20240429 13:17:44.598"/>
</kw>
<kw name="Input" library="AppLibrary">
<arg>${password}</arg>
<status status="PASS" starttime="20240429 13:17:44.598" endtime="20240429 13:17:44.598"/>
</kw>
<kw name="Run Application" library="AppLibrary">
<status status="PASS" starttime="20240429 13:17:44.598" endtime="20240429 13:17:44.598"/>
</kw>
<status status="PASS" starttime="20240429 13:17:44.598" endtime="20240429 13:17:44.598"/>
</kw>
<kw name="Output Should Contain" library="AppLibrary">
<arg>Invalid username or password</arg>
<status status="PASS" starttime="20240429 13:17:44.598" endtime="20240429 13:17:44.598"/>
</kw>
<status status="PASS" starttime="20240429 13:17:44.598" endtime="20240429 13:17:44.598"/>
</test>
<test id="s1-s1-t3" name="Login With Nonexistent Username" line="14">
<kw name="Create User And Input Login Command" type="SETUP">
<kw name="Create User" library="AppLibrary">
<arg>kalle</arg>
<arg>kalle123</arg>
<status status="PASS" starttime="20240429 13:17:44.599" endtime="20240429 13:17:44.599"/>
</kw>
<kw name="Input Login Command" library="resource">
<kw name="Input" library="AppLibrary">
<arg>login</arg>
<status status="PASS" starttime="20240429 13:17:44.599" endtime="20240429 13:17:44.599"/>
</kw>
<status status="PASS" starttime="20240429 13:17:44.599" endtime="20240429 13:17:44.599"/>
</kw>
<status status="PASS" starttime="20240429 13:17:44.599" endtime="20240429 13:17:44.599"/>
</kw>
<kw name="Input Credentials" library="resource">
<arg>saara</arg>
<arg>saara12</arg>
<kw name="Input" library="AppLibrary">
<arg>${username}</arg>
<status status="PASS" starttime="20240429 13:17:44.599" endtime="20240429 13:17:44.599"/>
</kw>
<kw name="Input" library="AppLibrary">
<arg>${password}</arg>
<status status="PASS" starttime="20240429 13:17:44.599" endtime="20240429 13:17:44.599"/>
</kw>
<kw name="Run Application" library="AppLibrary">
<status status="PASS" starttime="20240429 13:17:44.599" endtime="20240429 13:17:44.599"/>
</kw>
<status status="PASS" starttime="20240429 13:17:44.599" endtime="20240429 13:17:44.599"/>
</kw>
<kw name="Output Should Contain" library="AppLibrary">
<arg>Invalid username or password</arg>
<status status="PASS" starttime="20240429 13:17:44.599" endtime="20240429 13:17:44.599"/>
</kw>
<status status="PASS" starttime="20240429 13:17:44.599" endtime="20240429 13:17:44.599"/>
</test>
<status status="PASS" starttime="20240429 13:17:44.592" endtime="20240429 13:17:44.599"/>
</suite>
<suite id="s1-s2" name="Register" source="C:\Kurssit\ohtu\teht\osa3\login-robot\src\tests\register.robot">
<test id="s1-s2-t1" name="Register With Valid Username And Password" line="6">
<kw name="Input New Command And Create User Command" type="SETUP">
<kw name="Input New Command" library="resource">
<kw name="Input" library="AppLibrary">
<arg>new</arg>
<status status="PASS" starttime="20240429 13:17:44.602" endtime="20240429 13:17:44.602"/>
</kw>
<status status="PASS" starttime="20240429 13:17:44.602" endtime="20240429 13:17:44.602"/>
</kw>
<kw name="Create User" library="AppLibrary">
<arg>kalle</arg>
<arg>kalle123</arg>
<status status="PASS" starttime="20240429 13:17:44.602" endtime="20240429 13:17:44.602"/>
</kw>
<status status="PASS" starttime="20240429 13:17:44.602" endtime="20240429 13:17:44.602"/>
</kw>
<kw name="Input Credentials" library="resource">
<arg>jaakko</arg>
<arg>kalle123</arg>
<kw name="Input" library="AppLibrary">
<arg>${username}</arg>
<status status="PASS" starttime="20240429 13:17:44.602" endtime="20240429 13:17:44.602"/>
</kw>
<kw name="Input" library="AppLibrary">
<arg>${password}</arg>
<status status="PASS" starttime="20240429 13:17:44.602" endtime="20240429 13:17:44.602"/>
</kw>
<kw name="Run Application" library="AppLibrary">
<status status="PASS" starttime="20240429 13:17:44.602" endtime="20240429 13:17:44.602"/>
</kw>
<status status="PASS" starttime="20240429 13:17:44.602" endtime="20240429 13:17:44.602"/>
</kw>
<kw name="Output Should Contain" library="AppLibrary">
<arg>New user registered</arg>
<status status="PASS" starttime="20240429 13:17:44.602" endtime="20240429 13:17:44.602"/>
</kw>
<status status="PASS" starttime="20240429 13:17:44.602" endtime="20240429 13:17:44.602"/>
</test>
<test id="s1-s2-t2" name="Register With Already Taken Username And Valid Password" line="10">
<kw name="Input New Command And Create User Command" type="SETUP">
<kw name="Input New Command" library="resource">
<kw name="Input" library="AppLibrary">
<arg>new</arg>
<status status="PASS" starttime="20240429 13:17:44.603" endtime="20240429 13:17:44.603"/>
</kw>
<status status="PASS" starttime="20240429 13:17:44.603" endtime="20240429 13:17:44.603"/>
</kw>
<kw name="Create User" library="AppLibrary">
<arg>kalle</arg>
<arg>kalle123</arg>
<status status="PASS" starttime="20240429 13:17:44.603" endtime="20240429 13:17:44.603"/>
</kw>
<status status="PASS" starttime="20240429 13:17:44.603" endtime="20240429 13:17:44.603"/>
</kw>
<kw name="Input Credentials" library="resource">
<arg>kalle</arg>
<arg>kalle123</arg>
<kw name="Input" library="AppLibrary">
<arg>${username}</arg>
<status status="PASS" starttime="20240429 13:17:44.603" endtime="20240429 13:17:44.603"/>
</kw>
<kw name="Input" library="AppLibrary">
<arg>${password}</arg>
<status status="PASS" starttime="20240429 13:17:44.603" endtime="20240429 13:17:44.603"/>
</kw>
<kw name="Run Application" library="AppLibrary">
<status status="PASS" starttime="20240429 13:17:44.603" endtime="20240429 13:17:44.603"/>
</kw>
<status status="PASS" starttime="20240429 13:17:44.603" endtime="20240429 13:17:44.603"/>
</kw>
<kw name="Output Should Contain" library="AppLibrary">
<arg>User with username kalle already exists</arg>
<status status="PASS" starttime="20240429 13:17:44.603" endtime="20240429 13:17:44.603"/>
</kw>
<status status="PASS" starttime="20240429 13:17:44.602" endtime="20240429 13:17:44.603"/>
</test>
<test id="s1-s2-t3" name="Register With Too Short Username And Valid Password" line="14">
<kw name="Input New Command And Create User Command" type="SETUP">
<kw name="Input New Command" library="resource">
<kw name="Input" library="AppLibrary">
<arg>new</arg>
<status status="PASS" starttime="20240429 13:17:44.603" endtime="20240429 13:17:44.603"/>
</kw>
<status status="PASS" starttime="20240429 13:17:44.603" endtime="20240429 13:17:44.603"/>
</kw>
<kw name="Create User" library="AppLibrary">
<arg>kalle</arg>
<arg>kalle123</arg>
<status status="PASS" starttime="20240429 13:17:44.603" endtime="20240429 13:17:44.604"/>
</kw>
<status status="PASS" starttime="20240429 13:17:44.603" endtime="20240429 13:17:44.604"/>
</kw>
<kw name="Input Credentials" library="resource">
<arg>sa</arg>
<arg>kalle123</arg>
<kw name="Input" library="AppLibrary">
<arg>${username}</arg>
<status status="PASS" starttime="20240429 13:17:44.604" endtime="20240429 13:17:44.604"/>
</kw>
<kw name="Input" library="AppLibrary">
<arg>${password}</arg>
<status status="PASS" starttime="20240429 13:17:44.604" endtime="20240429 13:17:44.604"/>
</kw>
<kw name="Run Application" library="AppLibrary">
<status status="PASS" starttime="20240429 13:17:44.604" endtime="20240429 13:17:44.604"/>
</kw>
<status status="PASS" starttime="20240429 13:17:44.604" endtime="20240429 13:17:44.604"/>
</kw>
<kw name="Output Should Contain" library="AppLibrary">
<arg>Username must be at least 4 characters long</arg>
<status status="PASS" starttime="20240429 13:17:44.604" endtime="20240429 13:17:44.604"/>
</kw>
<status status="PASS" starttime="20240429 13:17:44.603" endtime="20240429 13:17:44.604"/>
</test>
<test id="s1-s2-t4" name="Register With Enough Long But Invalid Username And Valid Password" line="18">
<kw name="Input New Command And Create User Command" type="SETUP">
<kw name="Input New Command" library="resource">
<kw name="Input" library="AppLibrary">
<arg>new</arg>
<status status="PASS" starttime="20240429 13:17:44.604" endtime="20240429 13:17:44.604"/>
</kw>
<status status="PASS" starttime="20240429 13:17:44.604" endtime="20240429 13:17:44.604"/>
</kw>
<kw name="Create User" library="AppLibrary">
<arg>kalle</arg>
<arg>kalle123</arg>
<status status="PASS" starttime="20240429 13:17:44.604" endtime="20240429 13:17:44.604"/>
</kw>
<status status="PASS" starttime="20240429 13:17:44.604" endtime="20240429 13:17:44.604"/>
</kw>
<kw name="Input Credentials" library="resource">
<arg>kalle1</arg>
<arg>kalle123</arg>
<kw name="Input" library="AppLibrary">
<arg>${username}</arg>
<status status="PASS" starttime="20240429 13:17:44.604" endtime="20240429 13:17:44.604"/>
</kw>
<kw name="Input" library="AppLibrary">
<arg>${password}</arg>
<status status="PASS" starttime="20240429 13:17:44.604" endtime="20240429 13:17:44.604"/>
</kw>
<kw name="Run Application" library="AppLibrary">
<status status="PASS" starttime="20240429 13:17:44.605" endtime="20240429 13:17:44.605"/>
</kw>
<status status="PASS" starttime="20240429 13:17:44.604" endtime="20240429 13:17:44.605"/>
</kw>
<kw name="Output Should Contain" library="AppLibrary">
<arg>Username must contain only letters</arg>
<status status="PASS" starttime="20240429 13:17:44.605" endtime="20240429 13:17:44.605"/>
</kw>
<status status="PASS" starttime="20240429 13:17:44.604" endtime="20240429 13:17:44.605"/>
</test>
<test id="s1-s2-t5" name="Register With Valid Username And Too Short Password" line="22">
<kw name="Input New Command And Create User Command" type="SETUP">
<kw name="Input New Command" library="resource">
<kw name="Input" library="AppLibrary">
<arg>new</arg>
<status status="PASS" starttime="20240429 13:17:44.605" endtime="20240429 13:17:44.605"/>
</kw>
<status status="PASS" starttime="20240429 13:17:44.605" endtime="20240429 13:17:44.605"/>
</kw>
<kw name="Create User" library="AppLibrary">
<arg>kalle</arg>
<arg>kalle123</arg>
<status status="PASS" starttime="20240429 13:17:44.605" endtime="20240429 13:17:44.605"/>
</kw>
<status status="PASS" starttime="20240429 13:17:44.605" endtime="20240429 13:17:44.605"/>
</kw>
<kw name="Input Credentials" library="resource">
<arg>kalevi</arg>
<arg>kal12</arg>
<kw name="Input" library="AppLibrary">
<arg>${username}</arg>
<status status="PASS" starttime="20240429 13:17:44.605" endtime="20240429 13:17:44.605"/>
</kw>
<kw name="Input" library="AppLibrary">
<arg>${password}</arg>
<status status="PASS" starttime="20240429 13:17:44.605" endtime="20240429 13:17:44.605"/>
</kw>
<kw name="Run Application" library="AppLibrary">
<status status="PASS" starttime="20240429 13:17:44.605" endtime="20240429 13:17:44.605"/>
</kw>
<status status="PASS" starttime="20240429 13:17:44.605" endtime="20240429 13:17:44.605"/>
</kw>
<kw name="Output Should Contain" library="AppLibrary">
<arg>Password must be at least 8 characters long</arg>
<status status="PASS" starttime="20240429 13:17:44.605" endtime="20240429 13:17:44.605"/>
</kw>
<status status="PASS" starttime="20240429 13:17:44.605" endtime="20240429 13:17:44.605"/>
</test>
<test id="s1-s2-t6" name="Register With Valid Username And Long Enough Password Containing Only Letters" line="26">
<kw name="Input New Command And Create User Command" type="SETUP">
<kw name="Input New Command" library="resource">
<kw name="Input" library="AppLibrary">
<arg>new</arg>
<status status="PASS" starttime="20240429 13:17:44.606" endtime="20240429 13:17:44.606"/>
</kw>
<status status="PASS" starttime="20240429 13:17:44.606" endtime="20240429 13:17:44.606"/>
</kw>
<kw name="Create User" library="AppLibrary">
<arg>kalle</arg>
<arg>kalle123</arg>
<status status="PASS" starttime="20240429 13:17:44.606" endtime="20240429 13:17:44.606"/>
</kw>
<status status="PASS" starttime="20240429 13:17:44.606" endtime="20240429 13:17:44.606"/>
</kw>
<kw name="Input Credentials" library="resource">
<arg>risto</arg>
<arg>qwertyuiop</arg>
<kw name="Input" library="AppLibrary">
<arg>${username}</arg>
<status status="PASS" starttime="20240429 13:17:44.606" endtime="20240429 13:17:44.606"/>
</kw>
<kw name="Input" library="AppLibrary">
<arg>${password}</arg>
<status status="PASS" starttime="20240429 13:17:44.606" endtime="20240429 13:17:44.606"/>
</kw>
<kw name="Run Application" library="AppLibrary">
<status status="PASS" starttime="20240429 13:17:44.606" endtime="20240429 13:17:44.606"/>
</kw>
<status status="PASS" starttime="20240429 13:17:44.606" endtime="20240429 13:17:44.606"/>
</kw>
<kw name="Output Should Contain" library="AppLibrary">
<arg>Password must not contain only letters</arg>
<status status="PASS" starttime="20240429 13:17:44.606" endtime="20240429 13:17:44.606"/>
</kw>
<status status="PASS" starttime="20240429 13:17:44.605" endtime="20240429 13:17:44.606"/>
</test>
<status status="PASS" starttime="20240429 13:17:44.599" endtime="20240429 13:17:44.606"/>
</suite>
<status status="PASS" starttime="20240429 13:17:44.582" endtime="20240429 13:17:44.606"/>
</suite>
<statistics>
<total>
<stat pass="9" fail="0" skip="0">All Tests</stat>
</total>
<tag>
</tag>
<suite>
<stat pass="9" fail="0" skip="0" id="s1" name="Tests">Tests</stat>
<stat pass="3" fail="0" skip="0" id="s1-s1" name="Login">Tests.Login</stat>
<stat pass="6" fail="0" skip="0" id="s1-s2" name="Register">Tests.Register</stat>
</suite>
</statistics>
<errors>
</errors>
</robot>
